0 info it worked if it ends with ok
1 verbose cli [ 'node', '/usr/local/bin/npm', 'install', 'canvas', '--save' ]
2 info using npm@2.1.2
3 info using node@v0.10.26
4 warn package.json canvasbook@1.0.0 No repository field.
5 warn package.json canvasbook@1.0.0 No README data
6 silly cache add args [ 'canvas', null ]
7 verbose cache add spec canvas
8 silly cache add parsed spec { raw: 'canvas',
8 silly cache add   scope: null,
8 silly cache add   name: 'canvas',
8 silly cache add   rawSpec: '',
8 silly cache add   spec: '*',
8 silly cache add   type: 'range' }
9 silly addNonLocal parsed spec { raw: 'canvas',
9 silly addNonLocal   scope: null,
9 silly addNonLocal   name: 'canvas',
9 silly addNonLocal   rawSpec: '',
9 silly addNonLocal   spec: '*',
9 silly addNonLocal   type: 'range' }
10 verbose addNamed canvas@*
11 silly addNamed semver.valid null
12 silly addNamed semver.validRange *
13 silly addNameRange { name: 'canvas', range: '*', hasData: false }
14 verbose mapToRegistry name canvas
15 verbose mapToRegistry uri https://registry.npmjs.org/canvas
16 verbose request on initialization, where is /canvas
17 verbose request after pass 1, where is /canvas
18 verbose request url raw /canvas
19 verbose request resolving registry [ 'https://registry.npmjs.org/', './canvas' ]
20 verbose request after pass 2, where is https://registry.npmjs.org/canvas
21 verbose request no auth needed
22 info attempt registry request try #1 at 00:06:13
23 verbose request id c913ced0e3319bb5
24 verbose etag "30RGNMFF04IG85ZLQFF7KWYRT"
25 http request GET https://registry.npmjs.org/canvas
26 http 304 https://registry.npmjs.org/canvas
27 silly registry.get cb [ 304,
27 silly registry.get   { date: 'Wed, 07 Jan 2015 23:06:13 GMT',
27 silly registry.get     server: 'Apache',
27 silly registry.get     via: '1.1 varnish',
27 silly registry.get     'last-modified': 'Wed, 07 Jan 2015 23:06:14 GMT',
27 silly registry.get     'cache-control': 'max-age=60',
27 silly registry.get     etag: '"30RGNMFF04IG85ZLQFF7KWYRT"',
27 silly registry.get     age: '0',
27 silly registry.get     'x-served-by': 'cache-lcy1129-LCY',
27 silly registry.get     'x-cache': 'MISS',
27 silly registry.get     'x-cache-hits': '0',
27 silly registry.get     'x-timer': 'S1420671973.658089,VS0,VE640',
27 silly registry.get     vary: 'Accept',
27 silly registry.get     'content-length': '0',
27 silly registry.get     'keep-alive': 'timeout=10, max=50',
27 silly registry.get     connection: 'Keep-Alive' } ]
28 verbose etag https://registry.npmjs.org/canvas from cache
29 silly addNameRange number 2 { name: 'canvas', range: '*', hasData: true }
30 silly addNameRange versions [ 'canvas',
30 silly addNameRange   [ '0.0.1',
30 silly addNameRange     '0.0.2',
30 silly addNameRange     '0.0.3',
30 silly addNameRange     '0.0.4',
30 silly addNameRange     '0.0.5',
30 silly addNameRange     '0.0.6',
30 silly addNameRange     '0.0.7',
30 silly addNameRange     '0.0.8',
30 silly addNameRange     '0.1.0',
30 silly addNameRange     '0.2.0',
30 silly addNameRange     '0.2.1',
30 silly addNameRange     '0.3.0',
30 silly addNameRange     '0.3.1',
30 silly addNameRange     '0.3.2',
30 silly addNameRange     '0.3.3',
30 silly addNameRange     '0.4.0',
30 silly addNameRange     '0.4.1',
30 silly addNameRange     '0.4.2',
30 silly addNameRange     '0.4.3',
30 silly addNameRange     '0.5.0',
30 silly addNameRange     '0.5.1',
30 silly addNameRange     '0.5.2',
30 silly addNameRange     '0.5.3',
30 silly addNameRange     '0.5.4',
30 silly addNameRange     '0.6.0',
30 silly addNameRange     '0.7.0',
30 silly addNameRange     '0.7.1',
30 silly addNameRange     '0.7.2',
30 silly addNameRange     '0.7.3',
30 silly addNameRange     '0.8.0',
30 silly addNameRange     '0.8.1',
30 silly addNameRange     '0.8.2',
30 silly addNameRange     '0.8.3',
30 silly addNameRange     '0.9.0',
30 silly addNameRange     '0.10.0',
30 silly addNameRange     '0.10.1',
30 silly addNameRange     '0.10.2',
30 silly addNameRange     '0.10.3',
30 silly addNameRange     '0.11.0',
30 silly addNameRange     '0.11.1',
30 silly addNameRange     '0.11.2',
30 silly addNameRange     '0.11.3',
30 silly addNameRange     '0.12.0',
30 silly addNameRange     '0.12.1',
30 silly addNameRange     '0.13.0',
30 silly addNameRange     '0.13.1',
30 silly addNameRange     '1.0.0',
30 silly addNameRange     '1.0.1',
30 silly addNameRange     '1.0.2',
30 silly addNameRange     '1.0.3',
30 silly addNameRange     '1.0.4',
30 silly addNameRange     '1.1.0',
30 silly addNameRange     '1.1.1',
30 silly addNameRange     '1.1.2',
30 silly addNameRange     '1.1.3',
30 silly addNameRange     '1.1.4',
30 silly addNameRange     '1.1.5',
30 silly addNameRange     '1.1.6' ] ]
31 verbose addNamed canvas@1.1.6
32 silly addNamed semver.valid 1.1.6
33 silly addNamed semver.validRange 1.1.6
34 silly install resolved [ { name: 'canvas',
34 silly install resolved     description: 'Canvas graphics API backed by Cairo',
34 silly install resolved     version: '1.1.6',
34 silly install resolved     author: { name: 'TJ Holowaychuk', email: 'tj@learnboost.com' },
34 silly install resolved     contributors: [ [Object], [Object], [Object] ],
34 silly install resolved     keywords:
34 silly install resolved      [ 'canvas',
34 silly install resolved        'graphic',
34 silly install resolved        'graphics',
34 silly install resolved        'pixman',
34 silly install resolved        'cairo',
34 silly install resolved        'image',
34 silly install resolved        'images',
34 silly install resolved        'pdf' ],
34 silly install resolved     homepage: 'https://github.com/learnboost/node-canvas',
34 silly install resolved     repository: { type: 'git', url: 'git://github.com/learnboost/node-canvas' },
34 silly install resolved     scripts: { test: 'make test', install: 'node-gyp rebuild' },
34 silly install resolved     dependencies: { nan: '~1.2.0' },
34 silly install resolved     devDependencies: { express: '3.0', jade: '0.28.1', mocha: '*', should: '*' },
34 silly install resolved     engines: { node: '>= 0.6.0' },
34 silly install resolved     main: './lib/canvas.js',
34 silly install resolved     gypfile: true,
34 silly install resolved     gitHead: '138abe9aa30b75e8406ceddd9177bff20ac44ceb',
34 silly install resolved     bugs: { url: 'https://github.com/learnboost/node-canvas/issues' },
34 silly install resolved     _id: 'canvas@1.1.6',
34 silly install resolved     _shasum: 'd84b088f3bcd3840fe14977cd3625f5fe89f81ee',
34 silly install resolved     _from: 'canvas@*',
34 silly install resolved     _npmVersion: '1.4.21',
34 silly install resolved     _npmUser: { name: 'tootallnate', email: 'nathan@tootallnate.net' },
34 silly install resolved     maintainers: [ [Object], [Object], [Object], [Object] ],
34 silly install resolved     dist:
34 silly install resolved      { shasum: 'd84b088f3bcd3840fe14977cd3625f5fe89f81ee',
34 silly install resolved        tarball: 'http://registry.npmjs.org/canvas/-/canvas-1.1.6.tgz' },
34 silly install resolved     directories: {},
34 silly install resolved     _resolved: 'https://registry.npmjs.org/canvas/-/canvas-1.1.6.tgz',
34 silly install resolved     readme: 'ERROR: No README data found!' } ]
35 info install canvas@1.1.6 into /home/rafa/projects/book
36 info installOne canvas@1.1.6
37 verbose locking canvas with /home/rafa/.npm/_locks/canvas-9a69f4a4910e86bc.lock
38 verbose unbuild node_modules/canvas
39 verbose gentlyRm vacuuming /home/rafa/projects/book/node_modules/canvas
40 verbose tar unpack /home/rafa/.npm/canvas/1.1.6/package.tgz
41 verbose tar unpacking to /home/rafa/projects/book/node_modules/canvas
42 verbose gentlyRm vacuuming /home/rafa/projects/book/node_modules/canvas
43 silly gunzTarPerm modes [ '755', '644' ]
44 silly gunzTarPerm extractEntry package.json
45 silly gunzTarPerm extractEntry .npmignore
46 silly gunzTarPerm extractEntry index.js
47 silly gunzTarPerm extractEntry History.md
48 silly gunzTarPerm extractEntry Makefile
49 silly gunzTarPerm extractEntry Readme.md
50 silly gunzTarPerm extractEntry binding.gyp
51 silly gunzTarPerm extractEntry .gitmodules
52 silly gunzTarPerm extractEntry install
53 silly gunzTarPerm extractEntry lib/bindings.js
54 silly gunzTarPerm extractEntry lib/canvas.js
55 silly gunzTarPerm extractEntry lib/context2d.js
56 silly gunzTarPerm extractEntry lib/image.js
57 silly gunzTarPerm extractEntry lib/jpegstream.js
58 silly gunzTarPerm extractEntry lib/pixelarray.js
59 silly gunzTarPerm extractEntry lib/pngstream.js
60 silly gunzTarPerm extractEntry src/Image.h
61 silly gunzTarPerm extractEntry src/Canvas.cc
62 silly gunzTarPerm extractEntry src/CanvasGradient.cc
63 silly gunzTarPerm extractEntry src/CanvasGradient.h
64 silly gunzTarPerm extractEntry src/CanvasPattern.cc
65 silly gunzTarPerm extractEntry src/CanvasPattern.h
66 silly gunzTarPerm extractEntry src/CanvasRenderingContext2d.cc
67 silly gunzTarPerm extractEntry src/CanvasRenderingContext2d.h
68 silly gunzTarPerm extractEntry src/FontFace.cc
69 silly gunzTarPerm extractEntry src/FontFace.h
70 silly gunzTarPerm extractEntry src/Image.cc
71 silly gunzTarPerm extractEntry src/Canvas.h
72 silly gunzTarPerm extractEntry src/ImageData.cc
73 silly gunzTarPerm extractEntry src/ImageData.h
74 silly gunzTarPerm extractEntry src/JPEGStream.h
75 silly gunzTarPerm extractEntry src/PNG.h
76 silly gunzTarPerm extractEntry src/PixelArray.cc
77 silly gunzTarPerm extractEntry src/PixelArray.h
78 silly gunzTarPerm extractEntry src/Point.h
79 silly gunzTarPerm extractEntry src/closure.h
80 silly gunzTarPerm extractEntry src/color.cc
81 silly gunzTarPerm extractEntry src/color.h
82 silly gunzTarPerm extractEntry src/init.cc
83 silly gunzTarPerm extractEntry .travis.yml
84 silly gunzTarPerm extractEntry util/cairo_include.sh
85 silly gunzTarPerm extractEntry util/has_cairo_freetype.sh
86 silly gunzTarPerm extractEntry util/has_lib.sh
87 silly gunzTarPerm extractEntry util/lib_lookup.sh
88 info preinstall canvas@1.1.6
89 silly cache add args [ 'nan@~1.2.0', null ]
90 verbose cache add spec nan@~1.2.0
91 silly cache add parsed spec { raw: 'nan@~1.2.0',
91 silly cache add   scope: null,
91 silly cache add   name: 'nan',
91 silly cache add   rawSpec: '~1.2.0',
91 silly cache add   spec: '>=1.2.0 <1.3.0',
91 silly cache add   type: 'range' }
92 silly addNonLocal parsed spec { raw: 'nan@~1.2.0',
92 silly addNonLocal   scope: null,
92 silly addNonLocal   name: 'nan',
92 silly addNonLocal   rawSpec: '~1.2.0',
92 silly addNonLocal   spec: '>=1.2.0 <1.3.0',
92 silly addNonLocal   type: 'range' }
93 verbose addNamed nan@>=1.2.0 <1.3.0
94 silly addNamed semver.valid null
95 silly addNamed semver.validRange >=1.2.0 <1.3.0
96 silly addNameRange { name: 'nan', range: '>=1.2.0 <1.3.0', hasData: false }
97 verbose mapToRegistry name nan
98 verbose mapToRegistry uri https://registry.npmjs.org/nan
99 verbose request on initialization, where is /nan
100 verbose request after pass 1, where is /nan
101 verbose request url raw /nan
102 verbose request resolving registry [ 'https://registry.npmjs.org/', './nan' ]
103 verbose request after pass 2, where is https://registry.npmjs.org/nan
104 verbose request no auth needed
105 info attempt registry request try #1 at 00:06:14
106 verbose etag "BASL4AHUZL2X9BYWJN23MGK84"
107 http request GET https://registry.npmjs.org/nan
108 http 304 https://registry.npmjs.org/nan
109 silly registry.get cb [ 304,
109 silly registry.get   { date: 'Wed, 07 Jan 2015 23:06:14 GMT',
109 silly registry.get     server: 'Apache',
109 silly registry.get     via: '1.1 varnish',
109 silly registry.get     'last-modified': 'Wed, 07 Jan 2015 23:05:36 GMT',
109 silly registry.get     'cache-control': 'max-age=60',
109 silly registry.get     etag: '"BASL4AHUZL2X9BYWJN23MGK84"',
109 silly registry.get     age: '45',
109 silly registry.get     'x-served-by': 'cache-lcy1130-LCY',
109 silly registry.get     'x-cache': 'HIT',
109 silly registry.get     'x-cache-hits': '3',
109 silly registry.get     'x-timer': 'S1420671974.763383,VS0,VE0',
109 silly registry.get     vary: 'Accept',
109 silly registry.get     'content-length': '0',
109 silly registry.get     'keep-alive': 'timeout=10, max=50',
109 silly registry.get     connection: 'Keep-Alive' } ]
110 verbose etag https://registry.npmjs.org/nan from cache
111 silly addNameRange number 2 { name: 'nan', range: '>=1.2.0 <1.3.0', hasData: true }
112 silly addNameRange versions [ 'nan',
112 silly addNameRange   [ '0.3.0-wip',
112 silly addNameRange     '0.3.0-wip2',
112 silly addNameRange     '0.3.0',
112 silly addNameRange     '0.3.1',
112 silly addNameRange     '0.3.2',
112 silly addNameRange     '0.4.0',
112 silly addNameRange     '0.4.1',
112 silly addNameRange     '0.4.2',
112 silly addNameRange     '0.4.3',
112 silly addNameRange     '0.4.4',
112 silly addNameRange     '0.5.0',
112 silly addNameRange     '0.5.1',
112 silly addNameRange     '0.5.2',
112 silly addNameRange     '0.6.0',
112 silly addNameRange     '0.7.0',
112 silly addNameRange     '0.7.1',
112 silly addNameRange     '0.8.0',
112 silly addNameRange     '1.0.0',
112 silly addNameRange     '1.1.0',
112 silly addNameRange     '1.1.1',
112 silly addNameRange     '1.1.2',
112 silly addNameRange     '1.2.0',
112 silly addNameRange     '1.3.0',
112 silly addNameRange     '1.4.0',
112 silly addNameRange     '1.4.1' ] ]
113 verbose addNamed nan@1.2.0
114 silly addNamed semver.valid 1.2.0
115 silly addNamed semver.validRange 1.2.0
116 silly install resolved [ { name: 'nan',
116 silly install resolved     version: '1.2.0',
116 silly install resolved     description: 'Native Abstractions for Node.js: C++ header for Node 0.8->0.12 compatibility',
116 silly install resolved     main: 'include_dirs.js',
116 silly install resolved     repository: { type: 'git', url: 'git://github.com/rvagg/nan.git' },
116 silly install resolved     contributors: [ [Object], [Object], [Object], [Object], [Object], [Object] ],
116 silly install resolved     license: 'MIT',
116 silly install resolved     bugs: { url: 'https://github.com/rvagg/nan/issues' },
116 silly install resolved     homepage: 'https://github.com/rvagg/nan',
116 silly install resolved     _id: 'nan@1.2.0',
116 silly install resolved     dist:
116 silly install resolved      { shasum: '9c4d63ce9e4f8e95de2d574e18f7925554a8a8ef',
116 silly install resolved        tarball: 'http://registry.npmjs.org/nan/-/nan-1.2.0.tgz' },
116 silly install resolved     _from: 'nan@>=1.2.0 <1.3.0',
116 silly install resolved     _npmVersion: '1.4.3',
116 silly install resolved     _npmUser: { name: 'rvagg', email: 'rod@vagg.org' },
116 silly install resolved     maintainers: [ [Object] ],
116 silly install resolved     directories: {},
116 silly install resolved     _shasum: '9c4d63ce9e4f8e95de2d574e18f7925554a8a8ef',
116 silly install resolved     _resolved: 'https://registry.npmjs.org/nan/-/nan-1.2.0.tgz',
116 silly install resolved     readme: 'ERROR: No README data found!' } ]
117 info install nan@1.2.0 into /home/rafa/projects/book/node_modules/canvas
118 info installOne nan@1.2.0
119 verbose locking nan with /home/rafa/.npm/_locks/nan-ab062a1e9e843852.lock
120 verbose unbuild node_modules/canvas/node_modules/nan
121 verbose gentlyRm vacuuming /home/rafa/projects/book/node_modules/canvas/node_modules/nan
122 verbose tar unpack /home/rafa/.npm/nan/1.2.0/package.tgz
123 verbose tar unpacking to /home/rafa/projects/book/node_modules/canvas/node_modules/nan
124 verbose gentlyRm vacuuming /home/rafa/projects/book/node_modules/canvas/node_modules/nan
125 silly gunzTarPerm modes [ '755', '644' ]
126 silly gunzTarPerm extractEntry package.json
127 silly gunzTarPerm extractEntry README.md
128 silly gunzTarPerm extractEntry LICENSE
129 silly gunzTarPerm extractEntry include_dirs.js
130 silly gunzTarPerm extractEntry .dntrc
131 silly gunzTarPerm extractEntry build/config.gypi
132 silly gunzTarPerm extractEntry nan.h
133 info preinstall nan@1.2.0
134 silly install resolved []
135 verbose about to build /home/rafa/projects/book/node_modules/canvas/node_modules/nan
136 info build /home/rafa/projects/book/node_modules/canvas/node_modules/nan
137 verbose linkStuff [ false,
137 verbose linkStuff   false,
137 verbose linkStuff   false,
137 verbose linkStuff   '/home/rafa/projects/book/node_modules/canvas/node_modules' ]
138 info linkStuff nan@1.2.0
139 verbose linkBins nan@1.2.0
140 verbose linkMans nan@1.2.0
141 verbose rebuildBundles nan@1.2.0
142 info install nan@1.2.0
143 info postinstall nan@1.2.0
144 verbose unlocking nan from /home/rafa/.npm/_locks/nan-ab062a1e9e843852.lock
145 verbose about to build /home/rafa/projects/book/node_modules/canvas
146 info build /home/rafa/projects/book/node_modules/canvas
147 verbose linkStuff [ false, false, false, '/home/rafa/projects/book/node_modules' ]
148 info linkStuff canvas@1.1.6
149 verbose linkBins canvas@1.1.6
150 verbose linkMans canvas@1.1.6
151 verbose rebuildBundles canvas@1.1.6
152 verbose rebuildBundles [ 'nan' ]
153 info install canvas@1.1.6
154 verbose unsafe-perm in lifecycle false
155 info canvas@1.1.6 Failed to exec install script
156 verbose unlocking canvas from /home/rafa/.npm/_locks/canvas-9a69f4a4910e86bc.lock
157 verbose stack Error: canvas@1.1.6 install: `node-gyp rebuild`
157 verbose stack Exit status 1
157 verbose stack     at ChildProcess.<anonymous> (/usr/local/lib/node_modules/npm/lib/utils/lifecycle.js:212:16)
157 verbose stack     at ChildProcess.EventEmitter.emit (events.js:98:17)
157 verbose stack     at maybeClose (child_process.js:743:16)
157 verbose stack     at Process.ChildProcess._handle.onexit (child_process.js:810:5)
158 verbose pkgid canvas@1.1.6
159 verbose cwd /home/rafa/projects/book
160 error Linux 3.13.0-29-generic
161 error argv "node" "/usr/local/bin/npm" "install" "canvas" "--save"
162 error node v0.10.26
163 error npm  v2.1.2
164 error code ELIFECYCLE
165 error canvas@1.1.6 install: `node-gyp rebuild`
165 error Exit status 1
166 error Failed at the canvas@1.1.6 install script.
166 error This is most likely a problem with the canvas package,
166 error not with npm itself.
166 error Tell the author that this fails on your system:
166 error     node-gyp rebuild
166 error You can get their info via:
166 error     npm owner ls canvas
166 error There is likely additional logging output above.
167 verbose exit [ 1, true ]
168 verbose unbuild node_modules/canvas
169 info preuninstall canvas@1.1.6
170 info uninstall canvas@1.1.6
171 verbose unbuild rmStuff canvas@1.1.6 from /home/rafa/projects/book/node_modules
172 info postuninstall canvas@1.1.6
173 verbose gentlyRm vacuuming /home/rafa/projects/book/node_modules/canvas
174 silly gentlyRm purging /home/rafa/projects/book/node_modules/canvas
175 silly gentlyRm removing /home/rafa/projects/book/node_modules
176 silly gentlyRm quitting because other entries in /home/rafa/projects/book
